

Processing ApplicationController#index (for 127.0.0.1 at 2010-10-31 23:54:06) [GET]


ActionController::RoutingError (No route matches "/" with {:method=>:get}):
    /usr/lib/ruby/gems/1.8/gems/actionpack-2.2.3/lib/action_controller/routing/recognition_optimisation.rb:66:in `recognize_path'
    /usr/lib/ruby/gems/1.8/gems/actionpack-2.2.3/lib/action_controller/routing/route_set.rb:390:in `recognize'
    /usr/lib/ruby/gems/1.8/gems/actionpack-2.2.3/lib/action_controller/dispatcher.rb:183:in `handle_request'
    /usr/lib/ruby/gems/1.8/gems/actionpack-2.2.3/lib/action_controller/dispatcher.rb:112:in `dispatch_unlocked'
    /usr/lib/ruby/gems/1.8/gems/actionpack-2.2.3/lib/action_controller/dispatcher.rb:125:in `dispatch'
    /usr/lib/ruby/gems/1.8/gems/actionpack-2.2.3/lib/action_controller/dispatcher.rb:124:in `synchronize'
    /usr/lib/ruby/gems/1.8/gems/actionpack-2.2.3/lib/action_controller/dispatcher.rb:124:in `dispatch'
    /usr/lib/ruby/gems/1.8/gems/actionpack-2.2.3/lib/action_controller/dispatcher.rb:134:in `dispatch_cgi'
    /usr/lib/ruby/gems/1.8/gems/actionpack-2.2.3/lib/action_controller/dispatcher.rb:41:in `dispatch'
    /usr/lib/ruby/gems/1.8/gems/mongrel-1.1.5/bin/../lib/mongrel/rails.rb:76:in `process'
    /usr/lib/ruby/gems/1.8/gems/mongrel-1.1.5/bin/../lib/mongrel/rails.rb:74:in `synchronize'
    /usr/lib/ruby/gems/1.8/gems/mongrel-1.1.5/bin/../lib/mongrel/rails.rb:74:in `process'
    /usr/lib/ruby/gems/1.8/gems/mongrel-1.1.5/lib/mongrel.rb:159:in `process_client'
    /usr/lib/ruby/gems/1.8/gems/mongrel-1.1.5/lib/mongrel.rb:158:in `each'
    /usr/lib/ruby/gems/1.8/gems/mongrel-1.1.5/lib/mongrel.rb:158:in `process_client'
    /usr/lib/ruby/gems/1.8/gems/mongrel-1.1.5/lib/mongrel.rb:285:in `run'
    /usr/lib/ruby/gems/1.8/gems/mongrel-1.1.5/lib/mongrel.rb:285:in `initialize'
    /usr/lib/ruby/gems/1.8/gems/mongrel-1.1.5/lib/mongrel.rb:285:in `new'
    /usr/lib/ruby/gems/1.8/gems/mongrel-1.1.5/lib/mongrel.rb:285:in `run'
    /usr/lib/ruby/gems/1.8/gems/mongrel-1.1.5/lib/mongrel.rb:268:in `initialize'
    /usr/lib/ruby/gems/1.8/gems/mongrel-1.1.5/lib/mongrel.rb:268:in `new'
    /usr/lib/ruby/gems/1.8/gems/mongrel-1.1.5/lib/mongrel.rb:268:in `run'
    /usr/lib/ruby/gems/1.8/gems/mongrel-1.1.5/lib/mongrel/configurator.rb:282:in `run'
    /usr/lib/ruby/gems/1.8/gems/mongrel-1.1.5/lib/mongrel/configurator.rb:281:in `each'
    /usr/lib/ruby/gems/1.8/gems/mongrel-1.1.5/lib/mongrel/configurator.rb:281:in `run'
    /usr/lib/ruby/gems/1.8/gems/mongrel-1.1.5/bin/mongrel_rails:128:in `run'
    /usr/lib/ruby/gems/1.8/gems/mongrel-1.1.5/lib/mongrel/command.rb:212:in `run'
    /usr/lib/ruby/gems/1.8/gems/mongrel-1.1.5/bin/mongrel_rails:281
    /usr/lib/ruby/gems/1.8/gems/activesupport-2.2.3/lib/active_support/dependencies.rb:142:in `load_without_new_constant_marking'
    /usr/lib/ruby/gems/1.8/gems/activesupport-2.2.3/lib/active_support/dependencies.rb:142:in `load'
    /usr/lib/ruby/gems/1.8/gems/activesupport-2.2.3/lib/active_support/dependencies.rb:521:in `new_constants_in'
    /usr/lib/ruby/gems/1.8/gems/activesupport-2.2.3/lib/active_support/dependencies.rb:142:in `load'
    /usr/lib/ruby/gems/1.8/gems/rails-2.2.3/lib/commands/servers/mongrel.rb:64
    /usr/local/lib/site_ruby/1.8/rubygems/custom_require.rb:31:in `gem_original_require'
    /usr/local/lib/site_ruby/1.8/rubygems/custom_require.rb:31:in `require'
    /usr/lib/ruby/gems/1.8/gems/activesupport-2.2.3/lib/active_support/dependencies.rb:153:in `require'
    /usr/lib/ruby/gems/1.8/gems/activesupport-2.2.3/lib/active_support/dependencies.rb:521:in `new_constants_in'
    /usr/lib/ruby/gems/1.8/gems/activesupport-2.2.3/lib/active_support/dependencies.rb:153:in `require'
    /usr/lib/ruby/gems/1.8/gems/rails-2.2.3/lib/commands/server.rb:49
    /usr/local/lib/site_ruby/1.8/rubygems/custom_require.rb:31:in `gem_original_require'
    /usr/local/lib/site_ruby/1.8/rubygems/custom_require.rb:31:in `require'
    ./script/server:3
    -e:2:in `load'
    -e:2

Rendering /usr/lib/ruby/gems/1.8/gems/actionpack-2.2.3/lib/action_controller/templates/rescues/layout.erb (not_found)


Processing ApplicationController#index (for 127.0.0.1 at 2010-10-31 23:54:13) [GET]


ActionController::RoutingError (No route matches "/" with {:method=>:get}):
    /usr/lib/ruby/gems/1.8/gems/actionpack-2.2.3/lib/action_controller/routing/recognition_optimisation.rb:66:in `recognize_path'
    /usr/lib/ruby/gems/1.8/gems/actionpack-2.2.3/lib/action_controller/routing/route_set.rb:390:in `recognize'
    /usr/lib/ruby/gems/1.8/gems/actionpack-2.2.3/lib/action_controller/dispatcher.rb:183:in `handle_request'
    /usr/lib/ruby/gems/1.8/gems/actionpack-2.2.3/lib/action_controller/dispatcher.rb:112:in `dispatch_unlocked'
    /usr/lib/ruby/gems/1.8/gems/actionpack-2.2.3/lib/action_controller/dispatcher.rb:125:in `dispatch'
    /usr/lib/ruby/gems/1.8/gems/actionpack-2.2.3/lib/action_controller/dispatcher.rb:124:in `synchronize'
    /usr/lib/ruby/gems/1.8/gems/actionpack-2.2.3/lib/action_controller/dispatcher.rb:124:in `dispatch'
    /usr/lib/ruby/gems/1.8/gems/actionpack-2.2.3/lib/action_controller/dispatcher.rb:134:in `dispatch_cgi'
    /usr/lib/ruby/gems/1.8/gems/actionpack-2.2.3/lib/action_controller/dispatcher.rb:41:in `dispatch'
    /usr/lib/ruby/gems/1.8/gems/mongrel-1.1.5/bin/../lib/mongrel/rails.rb:76:in `process'
    /usr/lib/ruby/gems/1.8/gems/mongrel-1.1.5/bin/../lib/mongrel/rails.rb:74:in `synchronize'
    /usr/lib/ruby/gems/1.8/gems/mongrel-1.1.5/bin/../lib/mongrel/rails.rb:74:in `process'
    /usr/lib/ruby/gems/1.8/gems/mongrel-1.1.5/lib/mongrel.rb:159:in `process_client'
    /usr/lib/ruby/gems/1.8/gems/mongrel-1.1.5/lib/mongrel.rb:158:in `each'
    /usr/lib/ruby/gems/1.8/gems/mongrel-1.1.5/lib/mongrel.rb:158:in `process_client'
    /usr/lib/ruby/gems/1.8/gems/mongrel-1.1.5/lib/mongrel.rb:285:in `run'
    /usr/lib/ruby/gems/1.8/gems/mongrel-1.1.5/lib/mongrel.rb:285:in `initialize'
    /usr/lib/ruby/gems/1.8/gems/mongrel-1.1.5/lib/mongrel.rb:285:in `new'
    /usr/lib/ruby/gems/1.8/gems/mongrel-1.1.5/lib/mongrel.rb:285:in `run'
    /usr/lib/ruby/gems/1.8/gems/mongrel-1.1.5/lib/mongrel.rb:268:in `initialize'
    /usr/lib/ruby/gems/1.8/gems/mongrel-1.1.5/lib/mongrel.rb:268:in `new'
    /usr/lib/ruby/gems/1.8/gems/mongrel-1.1.5/lib/mongrel.rb:268:in `run'
    /usr/lib/ruby/gems/1.8/gems/mongrel-1.1.5/lib/mongrel/configurator.rb:282:in `run'
    /usr/lib/ruby/gems/1.8/gems/mongrel-1.1.5/lib/mongrel/configurator.rb:281:in `each'
    /usr/lib/ruby/gems/1.8/gems/mongrel-1.1.5/lib/mongrel/configurator.rb:281:in `run'
    /usr/lib/ruby/gems/1.8/gems/mongrel-1.1.5/bin/mongrel_rails:128:in `run'
    /usr/lib/ruby/gems/1.8/gems/mongrel-1.1.5/lib/mongrel/command.rb:212:in `run'
    /usr/lib/ruby/gems/1.8/gems/mongrel-1.1.5/bin/mongrel_rails:281
    /usr/lib/ruby/gems/1.8/gems/activesupport-2.2.3/lib/active_support/dependencies.rb:142:in `load_without_new_constant_marking'
    /usr/lib/ruby/gems/1.8/gems/activesupport-2.2.3/lib/active_support/dependencies.rb:142:in `load'
    /usr/lib/ruby/gems/1.8/gems/activesupport-2.2.3/lib/active_support/dependencies.rb:521:in `new_constants_in'
    /usr/lib/ruby/gems/1.8/gems/activesupport-2.2.3/lib/active_support/dependencies.rb:142:in `load'
    /usr/lib/ruby/gems/1.8/gems/rails-2.2.3/lib/commands/servers/mongrel.rb:64
    /usr/local/lib/site_ruby/1.8/rubygems/custom_require.rb:31:in `gem_original_require'
    /usr/local/lib/site_ruby/1.8/rubygems/custom_require.rb:31:in `require'
    /usr/lib/ruby/gems/1.8/gems/activesupport-2.2.3/lib/active_support/dependencies.rb:153:in `require'
    /usr/lib/ruby/gems/1.8/gems/activesupport-2.2.3/lib/active_support/dependencies.rb:521:in `new_constants_in'
    /usr/lib/ruby/gems/1.8/gems/activesupport-2.2.3/lib/active_support/dependencies.rb:153:in `require'
    /usr/lib/ruby/gems/1.8/gems/rails-2.2.3/lib/commands/server.rb:49
    /usr/local/lib/site_ruby/1.8/rubygems/custom_require.rb:31:in `gem_original_require'
    /usr/local/lib/site_ruby/1.8/rubygems/custom_require.rb:31:in `require'
    ./script/server:3
    -e:2:in `load'
    -e:2

Rendering /usr/lib/ruby/gems/1.8/gems/actionpack-2.2.3/lib/action_controller/templates/rescues/layout.erb (not_found)


Processing ApplicationController#index (for 127.0.0.1 at 2010-10-31 23:55:07) [GET]


ActionController::RoutingError (No route matches "/" with {:method=>:get}):
    /usr/lib/ruby/gems/1.8/gems/actionpack-2.2.3/lib/action_controller/routing/recognition_optimisation.rb:66:in `recognize_path'
    /usr/lib/ruby/gems/1.8/gems/actionpack-2.2.3/lib/action_controller/routing/route_set.rb:390:in `recognize'
    /usr/lib/ruby/gems/1.8/gems/actionpack-2.2.3/lib/action_controller/dispatcher.rb:183:in `handle_request'
    /usr/lib/ruby/gems/1.8/gems/actionpack-2.2.3/lib/action_controller/dispatcher.rb:112:in `dispatch_unlocked'
    /usr/lib/ruby/gems/1.8/gems/actionpack-2.2.3/lib/action_controller/dispatcher.rb:125:in `dispatch'
    /usr/lib/ruby/gems/1.8/gems/actionpack-2.2.3/lib/action_controller/dispatcher.rb:124:in `synchronize'
    /usr/lib/ruby/gems/1.8/gems/actionpack-2.2.3/lib/action_controller/dispatcher.rb:124:in `dispatch'
    /usr/lib/ruby/gems/1.8/gems/actionpack-2.2.3/lib/action_controller/dispatcher.rb:134:in `dispatch_cgi'
    /usr/lib/ruby/gems/1.8/gems/actionpack-2.2.3/lib/action_controller/dispatcher.rb:41:in `dispatch'
    /usr/lib/ruby/gems/1.8/gems/mongrel-1.1.5/bin/../lib/mongrel/rails.rb:76:in `process'
    /usr/lib/ruby/gems/1.8/gems/mongrel-1.1.5/bin/../lib/mongrel/rails.rb:74:in `synchronize'
    /usr/lib/ruby/gems/1.8/gems/mongrel-1.1.5/bin/../lib/mongrel/rails.rb:74:in `process'
    /usr/lib/ruby/gems/1.8/gems/mongrel-1.1.5/lib/mongrel.rb:159:in `process_client'
    /usr/lib/ruby/gems/1.8/gems/mongrel-1.1.5/lib/mongrel.rb:158:in `each'
    /usr/lib/ruby/gems/1.8/gems/mongrel-1.1.5/lib/mongrel.rb:158:in `process_client'
    /usr/lib/ruby/gems/1.8/gems/mongrel-1.1.5/lib/mongrel.rb:285:in `run'
    /usr/lib/ruby/gems/1.8/gems/mongrel-1.1.5/lib/mongrel.rb:285:in `initialize'
    /usr/lib/ruby/gems/1.8/gems/mongrel-1.1.5/lib/mongrel.rb:285:in `new'
    /usr/lib/ruby/gems/1.8/gems/mongrel-1.1.5/lib/mongrel.rb:285:in `run'
    /usr/lib/ruby/gems/1.8/gems/mongrel-1.1.5/lib/mongrel.rb:268:in `initialize'
    /usr/lib/ruby/gems/1.8/gems/mongrel-1.1.5/lib/mongrel.rb:268:in `new'
    /usr/lib/ruby/gems/1.8/gems/mongrel-1.1.5/lib/mongrel.rb:268:in `run'
    /usr/lib/ruby/gems/1.8/gems/mongrel-1.1.5/lib/mongrel/configurator.rb:282:in `run'
    /usr/lib/ruby/gems/1.8/gems/mongrel-1.1.5/lib/mongrel/configurator.rb:281:in `each'
    /usr/lib/ruby/gems/1.8/gems/mongrel-1.1.5/lib/mongrel/configurator.rb:281:in `run'
    /usr/lib/ruby/gems/1.8/gems/mongrel-1.1.5/bin/mongrel_rails:128:in `run'
    /usr/lib/ruby/gems/1.8/gems/mongrel-1.1.5/lib/mongrel/command.rb:212:in `run'
    /usr/lib/ruby/gems/1.8/gems/mongrel-1.1.5/bin/mongrel_rails:281
    /usr/lib/ruby/gems/1.8/gems/activesupport-2.2.3/lib/active_support/dependencies.rb:142:in `load_without_new_constant_marking'
    /usr/lib/ruby/gems/1.8/gems/activesupport-2.2.3/lib/active_support/dependencies.rb:142:in `load'
    /usr/lib/ruby/gems/1.8/gems/activesupport-2.2.3/lib/active_support/dependencies.rb:521:in `new_constants_in'
    /usr/lib/ruby/gems/1.8/gems/activesupport-2.2.3/lib/active_support/dependencies.rb:142:in `load'
    /usr/lib/ruby/gems/1.8/gems/rails-2.2.3/lib/commands/servers/mongrel.rb:64
    /usr/local/lib/site_ruby/1.8/rubygems/custom_require.rb:31:in `gem_original_require'
    /usr/local/lib/site_ruby/1.8/rubygems/custom_require.rb:31:in `require'
    /usr/lib/ruby/gems/1.8/gems/activesupport-2.2.3/lib/active_support/dependencies.rb:153:in `require'
    /usr/lib/ruby/gems/1.8/gems/activesupport-2.2.3/lib/active_support/dependencies.rb:521:in `new_constants_in'
    /usr/lib/ruby/gems/1.8/gems/activesupport-2.2.3/lib/active_support/dependencies.rb:153:in `require'
    /usr/lib/ruby/gems/1.8/gems/rails-2.2.3/lib/commands/server.rb:49
    /usr/local/lib/site_ruby/1.8/rubygems/custom_require.rb:31:in `gem_original_require'
    /usr/local/lib/site_ruby/1.8/rubygems/custom_require.rb:31:in `require'
    ./script/server:3
    -e:2:in `load'
    -e:2

Rendering /usr/lib/ruby/gems/1.8/gems/actionpack-2.2.3/lib/action_controller/templates/rescues/layout.erb (not_found)


Processing ApplicationController#index (for 127.0.0.1 at 2010-10-31 23:55:53) [GET]


ActionController::RoutingError (No route matches "/welcome" with {:method=>:get}):
    /usr/lib/ruby/gems/1.8/gems/actionpack-2.2.3/lib/action_controller/routing/recognition_optimisation.rb:66:in `recognize_path'
    /usr/lib/ruby/gems/1.8/gems/actionpack-2.2.3/lib/action_controller/routing/route_set.rb:390:in `recognize'
    /usr/lib/ruby/gems/1.8/gems/actionpack-2.2.3/lib/action_controller/dispatcher.rb:183:in `handle_request'
    /usr/lib/ruby/gems/1.8/gems/actionpack-2.2.3/lib/action_controller/dispatcher.rb:112:in `dispatch_unlocked'
    /usr/lib/ruby/gems/1.8/gems/actionpack-2.2.3/lib/action_controller/dispatcher.rb:125:in `dispatch'
    /usr/lib/ruby/gems/1.8/gems/actionpack-2.2.3/lib/action_controller/dispatcher.rb:124:in `synchronize'
    /usr/lib/ruby/gems/1.8/gems/actionpack-2.2.3/lib/action_controller/dispatcher.rb:124:in `dispatch'
    /usr/lib/ruby/gems/1.8/gems/actionpack-2.2.3/lib/action_controller/dispatcher.rb:134:in `dispatch_cgi'
    /usr/lib/ruby/gems/1.8/gems/actionpack-2.2.3/lib/action_controller/dispatcher.rb:41:in `dispatch'
    /usr/lib/ruby/gems/1.8/gems/mongrel-1.1.5/bin/../lib/mongrel/rails.rb:76:in `process'
    /usr/lib/ruby/gems/1.8/gems/mongrel-1.1.5/bin/../lib/mongrel/rails.rb:74:in `synchronize'
    /usr/lib/ruby/gems/1.8/gems/mongrel-1.1.5/bin/../lib/mongrel/rails.rb:74:in `process'
    /usr/lib/ruby/gems/1.8/gems/mongrel-1.1.5/lib/mongrel.rb:159:in `process_client'
    /usr/lib/ruby/gems/1.8/gems/mongrel-1.1.5/lib/mongrel.rb:158:in `each'
    /usr/lib/ruby/gems/1.8/gems/mongrel-1.1.5/lib/mongrel.rb:158:in `process_client'
    /usr/lib/ruby/gems/1.8/gems/mongrel-1.1.5/lib/mongrel.rb:285:in `run'
    /usr/lib/ruby/gems/1.8/gems/mongrel-1.1.5/lib/mongrel.rb:285:in `initialize'
    /usr/lib/ruby/gems/1.8/gems/mongrel-1.1.5/lib/mongrel.rb:285:in `new'
    /usr/lib/ruby/gems/1.8/gems/mongrel-1.1.5/lib/mongrel.rb:285:in `run'
    /usr/lib/ruby/gems/1.8/gems/mongrel-1.1.5/lib/mongrel.rb:268:in `initialize'
    /usr/lib/ruby/gems/1.8/gems/mongrel-1.1.5/lib/mongrel.rb:268:in `new'
    /usr/lib/ruby/gems/1.8/gems/mongrel-1.1.5/lib/mongrel.rb:268:in `run'
    /usr/lib/ruby/gems/1.8/gems/mongrel-1.1.5/lib/mongrel/configurator.rb:282:in `run'
    /usr/lib/ruby/gems/1.8/gems/mongrel-1.1.5/lib/mongrel/configurator.rb:281:in `each'
    /usr/lib/ruby/gems/1.8/gems/mongrel-1.1.5/lib/mongrel/configurator.rb:281:in `run'
    /usr/lib/ruby/gems/1.8/gems/mongrel-1.1.5/bin/mongrel_rails:128:in `run'
    /usr/lib/ruby/gems/1.8/gems/mongrel-1.1.5/lib/mongrel/command.rb:212:in `run'
    /usr/lib/ruby/gems/1.8/gems/mongrel-1.1.5/bin/mongrel_rails:281
    /usr/lib/ruby/gems/1.8/gems/activesupport-2.2.3/lib/active_support/dependencies.rb:142:in `load_without_new_constant_marking'
    /usr/lib/ruby/gems/1.8/gems/activesupport-2.2.3/lib/active_support/dependencies.rb:142:in `load'
    /usr/lib/ruby/gems/1.8/gems/activesupport-2.2.3/lib/active_support/dependencies.rb:521:in `new_constants_in'
    /usr/lib/ruby/gems/1.8/gems/activesupport-2.2.3/lib/active_support/dependencies.rb:142:in `load'
    /usr/lib/ruby/gems/1.8/gems/rails-2.2.3/lib/commands/servers/mongrel.rb:64
    /usr/local/lib/site_ruby/1.8/rubygems/custom_require.rb:31:in `gem_original_require'
    /usr/local/lib/site_ruby/1.8/rubygems/custom_require.rb:31:in `require'
    /usr/lib/ruby/gems/1.8/gems/activesupport-2.2.3/lib/active_support/dependencies.rb:153:in `require'
    /usr/lib/ruby/gems/1.8/gems/activesupport-2.2.3/lib/active_support/dependencies.rb:521:in `new_constants_in'
    /usr/lib/ruby/gems/1.8/gems/activesupport-2.2.3/lib/active_support/dependencies.rb:153:in `require'
    /usr/lib/ruby/gems/1.8/gems/rails-2.2.3/lib/commands/server.rb:49
    /usr/local/lib/site_ruby/1.8/rubygems/custom_require.rb:31:in `gem_original_require'
    /usr/local/lib/site_ruby/1.8/rubygems/custom_require.rb:31:in `require'
    ./script/server:3
    -e:2:in `load'
    -e:2

Rendering /usr/lib/ruby/gems/1.8/gems/actionpack-2.2.3/lib/action_controller/templates/rescues/layout.erb (not_found)


Processing WelcomeController#index (for 127.0.0.1 at 2010-10-31 23:56:12) [GET]
Rendering template within layouts/application
Rendering welcome/index
Completed in 5ms (View: 2, DB: 0) | 200 OK [http://localhost/welcome]


Processing ApplicationController#index (for 127.0.0.1 at 2010-10-31 23:58:52) [GET]


ActionController::RoutingError (No route matches "/" with {:method=>:get}):
    /usr/lib/ruby/gems/1.8/gems/actionpack-2.2.3/lib/action_controller/routing/recognition_optimisation.rb:66:in `recognize_path'
    /usr/lib/ruby/gems/1.8/gems/actionpack-2.2.3/lib/action_controller/routing/route_set.rb:390:in `recognize'
    /usr/lib/ruby/gems/1.8/gems/actionpack-2.2.3/lib/action_controller/dispatcher.rb:183:in `handle_request'
    /usr/lib/ruby/gems/1.8/gems/actionpack-2.2.3/lib/action_controller/dispatcher.rb:112:in `dispatch_unlocked'
    /usr/lib/ruby/gems/1.8/gems/actionpack-2.2.3/lib/action_controller/dispatcher.rb:125:in `dispatch'
    /usr/lib/ruby/gems/1.8/gems/actionpack-2.2.3/lib/action_controller/dispatcher.rb:124:in `synchronize'
    /usr/lib/ruby/gems/1.8/gems/actionpack-2.2.3/lib/action_controller/dispatcher.rb:124:in `dispatch'
    /usr/lib/ruby/gems/1.8/gems/actionpack-2.2.3/lib/action_controller/dispatcher.rb:134:in `dispatch_cgi'
    /usr/lib/ruby/gems/1.8/gems/actionpack-2.2.3/lib/action_controller/dispatcher.rb:41:in `dispatch'
    /usr/lib/ruby/gems/1.8/gems/mongrel-1.1.5/bin/../lib/mongrel/rails.rb:76:in `process'
    /usr/lib/ruby/gems/1.8/gems/mongrel-1.1.5/bin/../lib/mongrel/rails.rb:74:in `synchronize'
    /usr/lib/ruby/gems/1.8/gems/mongrel-1.1.5/bin/../lib/mongrel/rails.rb:74:in `process'
    /usr/lib/ruby/gems/1.8/gems/mongrel-1.1.5/lib/mongrel.rb:159:in `process_client'
    /usr/lib/ruby/gems/1.8/gems/mongrel-1.1.5/lib/mongrel.rb:158:in `each'
    /usr/lib/ruby/gems/1.8/gems/mongrel-1.1.5/lib/mongrel.rb:158:in `process_client'
    /usr/lib/ruby/gems/1.8/gems/mongrel-1.1.5/lib/mongrel.rb:285:in `run'
    /usr/lib/ruby/gems/1.8/gems/mongrel-1.1.5/lib/mongrel.rb:285:in `initialize'
    /usr/lib/ruby/gems/1.8/gems/mongrel-1.1.5/lib/mongrel.rb:285:in `new'
    /usr/lib/ruby/gems/1.8/gems/mongrel-1.1.5/lib/mongrel.rb:285:in `run'
    /usr/lib/ruby/gems/1.8/gems/mongrel-1.1.5/lib/mongrel.rb:268:in `initialize'
    /usr/lib/ruby/gems/1.8/gems/mongrel-1.1.5/lib/mongrel.rb:268:in `new'
    /usr/lib/ruby/gems/1.8/gems/mongrel-1.1.5/lib/mongrel.rb:268:in `run'
    /usr/lib/ruby/gems/1.8/gems/mongrel-1.1.5/lib/mongrel/configurator.rb:282:in `run'
    /usr/lib/ruby/gems/1.8/gems/mongrel-1.1.5/lib/mongrel/configurator.rb:281:in `each'
    /usr/lib/ruby/gems/1.8/gems/mongrel-1.1.5/lib/mongrel/configurator.rb:281:in `run'
    /usr/lib/ruby/gems/1.8/gems/mongrel-1.1.5/bin/mongrel_rails:128:in `run'
    /usr/lib/ruby/gems/1.8/gems/mongrel-1.1.5/lib/mongrel/command.rb:212:in `run'
    /usr/lib/ruby/gems/1.8/gems/mongrel-1.1.5/bin/mongrel_rails:281
    /usr/lib/ruby/gems/1.8/gems/activesupport-2.2.3/lib/active_support/dependencies.rb:142:in `load_without_new_constant_marking'
    /usr/lib/ruby/gems/1.8/gems/activesupport-2.2.3/lib/active_support/dependencies.rb:142:in `load'
    /usr/lib/ruby/gems/1.8/gems/activesupport-2.2.3/lib/active_support/dependencies.rb:521:in `new_constants_in'
    /usr/lib/ruby/gems/1.8/gems/activesupport-2.2.3/lib/active_support/dependencies.rb:142:in `load'
    /usr/lib/ruby/gems/1.8/gems/rails-2.2.3/lib/commands/servers/mongrel.rb:64
    /usr/local/lib/site_ruby/1.8/rubygems/custom_require.rb:31:in `gem_original_require'
    /usr/local/lib/site_ruby/1.8/rubygems/custom_require.rb:31:in `require'
    /usr/lib/ruby/gems/1.8/gems/activesupport-2.2.3/lib/active_support/dependencies.rb:153:in `require'
    /usr/lib/ruby/gems/1.8/gems/activesupport-2.2.3/lib/active_support/dependencies.rb:521:in `new_constants_in'
    /usr/lib/ruby/gems/1.8/gems/activesupport-2.2.3/lib/active_support/dependencies.rb:153:in `require'
    /usr/lib/ruby/gems/1.8/gems/rails-2.2.3/lib/commands/server.rb:49
    /usr/local/lib/site_ruby/1.8/rubygems/custom_require.rb:31:in `gem_original_require'
    /usr/local/lib/site_ruby/1.8/rubygems/custom_require.rb:31:in `require'
    ./script/server:3

Rendering /usr/lib/ruby/gems/1.8/gems/actionpack-2.2.3/lib/action_controller/templates/rescues/layout.erb (not_found)


Processing WelcomeController#index (for 127.0.0.1 at 2010-10-31 23:59:03) [GET]
Rendering template within layouts/application
Rendering welcome/index
Completed in 4ms (View: 3, DB: 0) | 200 OK [http://localhost/welcome]
  [4;36;1mSQL (0.3ms)[0m   [0;1m SELECT name
 FROM sqlite_master
 WHERE type = 'table' AND NOT name = 'sqlite_sequence'
[0m
  [4;35;1mSQL (41.5ms)[0m   [0mselect sqlite_version(*)[0m
  [4;36;1mSQL (142.9ms)[0m   [0;1mCREATE TABLE "schema_migrations" ("version" varchar(255) NOT NULL) [0m
  [4;35;1mSQL (69.9ms)[0m   [0mCREATE UNIQUE INDEX "unique_schema_migrations" ON "schema_migrations" ("version")[0m
  [4;36;1mSQL (0.4ms)[0m   [0;1m SELECT name
 FROM sqlite_master
 WHERE type = 'table' AND NOT name = 'sqlite_sequence'
[0m
  [4;35;1mSQL (0.2ms)[0m   [0mSELECT version FROM schema_migrations[0m
Migrating to CreateUsers (20101101060933)
  [4;36;1mSQL (126.3ms)[0m   [0;1mCREATE TABLE "users" ("id" INTEGER PRIMARY KEY AUTOINCREMENT NOT NULL, "username" varchar(255), "email" varchar(255), "password_hash" varchar(255), "password_salt" varchar(255), "created_at" datetime, "updated_at" datetime) [0m
  [4;35;1mSQL (121.4ms)[0m   [0mINSERT INTO schema_migrations (version) VALUES ('20101101060933')[0m
  [4;36;1mSQL (0.4ms)[0m   [0;1m SELECT name
 FROM sqlite_master
 WHERE type = 'table' AND NOT name = 'sqlite_sequence'
[0m
  [4;35;1mSQL (0.2ms)[0m   [0mSELECT version FROM schema_migrations[0m
  [4;36;1mSQL (0.3ms)[0m   [0;1m SELECT name
 FROM sqlite_master
 WHERE type = 'table' AND NOT name = 'sqlite_sequence'
[0m
  [4;35;1mSQL (0.0ms)[0m   [0mPRAGMA index_list("users")[0m


Processing WelcomeController#index (for 127.0.0.1 at 2010-11-01 00:14:00) [GET]
  Parameters: {"action"=>"index", "controller"=>"welcome"}
Rendering template within layouts/application
Rendering welcome/index
Completed in 6ms (View: 4, DB: 0) | 200 OK [http://localhost/welcome]


Processing WelcomeController#index (for 127.0.0.1 at 2010-11-01 00:14:27) [GET]
  Parameters: {"action"=>"index", "controller"=>"welcome"}
Rendering template within layouts/application
Rendering welcome/index
Completed in 5ms (View: 3, DB: 0) | 200 OK [http://localhost/]


Processing UsersController#new (for 127.0.0.1 at 2010-11-01 00:14:40) [GET]
  Parameters: {"action"=>"new", "controller"=>"users"}
Rendering template within layouts/application
Rendering users/new
Completed in 15ms (View: 9, DB: 0) | 200 OK [http://localhost/signup]


Processing UsersController#create (for 127.0.0.1 at 2010-11-01 00:15:31) [POST]
  Parameters: {"commit"=>"Sign up", "action"=>"create", "authenticity_token"=>"ac3f3059dcc7d110c3b3d55c8a2749c9d0893e73", "controller"=>"users", "user"=>{"password_confirmation"=>"[FILTERED]", "username"=>"mchail", "password"=>"[FILTERED]", "email"=>"mchail@gmail.com"}}
  [4;36;1mUser Exists (0.2ms)[0m   [0;1mSELECT "users".id FROM "users" WHERE ("users"."username" = 'mchail') LIMIT 1[0m
  [4;35;1mUser Exists (0.1ms)[0m   [0mSELECT "users".id FROM "users" WHERE ("users"."email" = 'mchail@gmail.com') LIMIT 1[0m
  [4;36;1mUser Create (0.5ms)[0m   [0;1mINSERT INTO "users" ("created_at", "updated_at", "username", "password_salt", "password_hash", "email") VALUES('2010-11-01 06:15:31', '2010-11-01 06:15:31', 'mchail', 'f68a3296336438e4ecbb31edd86a4c31cdd71c4b', '0020a6acb722a33bb0ca2cd058f2bdea2c0c5425', 'mchail@gmail.com')[0m
Redirected to http://localhost:3000/
Completed in 155ms (DB: 1) | 302 Found [http://localhost/users]


Processing WelcomeController#index (for 127.0.0.1 at 2010-11-01 00:15:31) [GET]
  Parameters: {"action"=>"index", "controller"=>"welcome"}
Rendering template within layouts/application
Rendering welcome/index
Completed in 5ms (View: 3, DB: 0) | 200 OK [http://localhost/]


Processing WelcomeController#index (for 127.0.0.1 at 2010-11-01 00:15:44) [GET]
  Parameters: {"action"=>"index", "controller"=>"welcome"}
Rendering template within layouts/application
Rendering welcome/index
Completed in 13ms (View: 11, DB: 0) | 200 OK [http://localhost/]
  [4;36;1mSQL (0.5ms)[0m   [0;1m SELECT name
 FROM sqlite_master
 WHERE type = 'table' AND NOT name = 'sqlite_sequence'
[0m
  [4;35;1mSQL (0.1ms)[0m   [0mSELECT version FROM schema_migrations[0m
Migrating to CreateUsers (20101101060933)
Migrating to CreateFlits (20101101061659)
  [4;36;1mSQL (0.1ms)[0m   [0;1mselect sqlite_version(*)[0m
  [4;35;1mSQL (136.5ms)[0m   [0mCREATE TABLE "flits" ("id" INTEGER PRIMARY KEY AUTOINCREMENT NOT NULL, "user_id" integer NOT NULL, "message" varchar(255) NOT NULL, "created_at" datetime NOT NULL) [0m
  [4;36;1mSQL (110.7ms)[0m   [0;1mINSERT INTO schema_migrations (version) VALUES ('20101101061659')[0m
  [4;35;1mSQL (0.7ms)[0m   [0m SELECT name
 FROM sqlite_master
 WHERE type = 'table' AND NOT name = 'sqlite_sequence'
[0m
  [4;36;1mSQL (0.3ms)[0m   [0;1mSELECT version FROM schema_migrations[0m
  [4;35;1mSQL (0.4ms)[0m   [0m SELECT name
 FROM sqlite_master
 WHERE type = 'table' AND NOT name = 'sqlite_sequence'
[0m
  [4;36;1mSQL (0.1ms)[0m   [0;1mPRAGMA index_list("flits")[0m
  [4;35;1mSQL (0.1ms)[0m   [0mPRAGMA index_list("users")[0m
